<?xml version="1.0" encoding="UTF-8"?>
<!-- Generated by org.testng.reporters.JUnitReportReporter -->
<testsuite skipped="0" hostname="DESKTOP-SC2D3TA" name="testclases.Testloginpage" tests="2" failures="0" timestamp="2022-11-08T13:34:52 IST" time="36.772" errors="0">
  <testcase name="Invalidcredentials" time="14.365" classname="testclases.Testloginpage"/>
  <testcase name="LoginTest" time="22.407" classname="testclases.Testloginpage"/>
</testsuite> <!-- testclases.Testloginpage -->
