<?xml version="1.0" encoding="UTF-8"?>
<!-- Generated by org.testng.reporters.JUnitReportReporter -->
<testsuite skipped="0" hostname="DESKTOP-SC2D3TA" name="testclases.Resetforgotpassword" tests="1" failures="0" timestamp="2022-11-08T13:33:28 IST" time="21.856" errors="0">
  <testcase name="Resetpassword" time="21.856" classname="testclases.Resetforgotpassword"/>
</testsuite> <!-- testclases.Resetforgotpassword -->
